<?xml version="1.0" encoding="UTF-8"?>
<!-- Generated by org.testng.reporters.JUnitXMLReporter -->
<testsuite ignored="0" hostname="LAPTOP-UF2EPND0" failures="2" tests="2" name="Test" time="0.317" errors="0" timestamp="05 Mar 2022 04:53:46 GMT">
  <testcase classname="com.authmind.cucumber.AbtractTestNGCucumberTest" name="runScenario" time="0.177">
    <failure type="cucumber.runtime.CucumberException" message="Could not create a cucumber expression for &amp;apos;user creats playbook {*.*} for shadow access from excel&amp;apos;.
It appears you did not register parameter type. The details are in the stacktrace below.
You can find the documentation here: https://docs.cucumber.io/cucumber/cucumber-expressions/">
      <![CDATA[cucumber.runtime.CucumberException: Could not create a cucumber expression for 'user creats playbook {*.*} for shadow access from excel'.
It appears you did not register parameter type. The details are in the stacktrace below.
You can find the documentation here: https://docs.cucumber.io/cucumber/cucumber-expressions/
at io.cucumber.stepexpression.StepExpressionFactory.registerTypeInConfiguration(StepExpressionFactory.java:93)
at io.cucumber.stepexpression.StepExpressionFactory.createExpression(StepExpressionFactory.java:65)
at io.cucumber.stepexpression.StepExpressionFactory.createExpression(StepExpressionFactory.java:54)
at cucumber.runtime.java.JavaStepDefinition.createExpression(JavaStepDefinition.java:44)
at cucumber.runtime.java.JavaStepDefinition.<init>(JavaStepDefinition.java:36)
at cucumber.runtime.java.JavaBackend.addStepDefinition(JavaBackend.java:146)
at cucumber.runtime.java.MethodScanner.scan(MethodScanner.java:65)
at cucumber.runtime.java.MethodScanner.scan(MethodScanner.java:42)
at cucumber.runtime.java.JavaBackend.loadGlue(JavaBackend.java:82)
at cucumber.runner.Runner.<init>(Runner.java:28)
at cucumber.runner.ThreadLocalRunnerSupplier.createRunner(ThreadLocalRunnerSupplier.java:44)
at cucumber.runner.ThreadLocalRunnerSupplier.access$000(ThreadLocalRunnerSupplier.java:15)
at cucumber.runner.ThreadLocalRunnerSupplier$1.initialValue(ThreadLocalRunnerSupplier.java:24)
at cucumber.runner.ThreadLocalRunnerSupplier$1.initialValue(ThreadLocalRunnerSupplier.java:21)
at java.base/java.lang.ThreadLocal.setInitialValue(ThreadLocal.java:195)
at java.base/java.lang.ThreadLocal.get(ThreadLocal.java:172)
at cucumber.runner.ThreadLocalRunnerSupplier.get(ThreadLocalRunnerSupplier.java:40)
at cucumber.api.testng.TestNGCucumberRunner.runScenario(TestNGCucumberRunner.java:66)
at com.authmind.cucumber.AbtractTestNGCucumberTest.runScenario(AbtractTestNGCucumberTest.java:33)
Caused by: io.cucumber.cucumberexpressions.UndefinedParameterTypeException: This Cucumber Expression has a problem at column 22:

user creats playbook {*.*} for shadow access from excel
                     ^---^
Undefined parameter type '*.*'.
Please register a ParameterType for '*.*'
at io.cucumber.cucumberexpressions.UndefinedParameterTypeException.createUndefinedParameterType(UndefinedParameterTypeException.java:20)
at io.cucumber.cucumberexpressions.CucumberExpression.rewriteParameter(CucumberExpression.java:101)
at io.cucumber.cucumberexpressions.CucumberExpression.rewriteToRegex(CucumberExpression.java:55)
at java.base/java.util.stream.ReferencePipeline$3$1.accept(ReferencePipeline.java:197)
at java.base/java.util.ArrayList$ArrayListSpliterator.forEachRemaining(ArrayList.java:1625)
at java.base/java.util.stream.AbstractPipeline.copyInto(AbstractPipeline.java:509)
at java.base/java.util.stream.AbstractPipeline.wrapAndCopyInto(AbstractPipeline.java:499)
at java.base/java.util.stream.ReduceOps$ReduceOp.evaluateSequential(ReduceOps.java:921)
at java.base/java.util.stream.AbstractPipeline.evaluate(AbstractPipeline.java:234)
at java.base/java.util.stream.ReferencePipeline.collect(ReferencePipeline.java:682)
at io.cucumber.cucumberexpressions.CucumberExpression.rewriteExpression(CucumberExpression.java:116)
at io.cucumber.cucumberexpressions.CucumberExpression.rewriteToRegex(CucumberExpression.java:57)
at io.cucumber.cucumberexpressions.CucumberExpression.<init>(CucumberExpression.java:40)
at io.cucumber.cucumberexpressions.ExpressionFactory.createExpression(ExpressionFactory.java:39)
at io.cucumber.stepexpression.StepExpressionFactory.createExpression(StepExpressionFactory.java:63)
... 46 more
... Removed 29 stack frames]]>
    </failure>
  </testcase> <!-- runScenario -->
  <testcase classname="com.authmind.cucumber.AbtractTestNGCucumberTest" name="runScenario" time="0.006">
    <failure type="cucumber.runtime.CucumberException" message="Could not create a cucumber expression for &amp;apos;user creats playbook {*.*} for shadow access from excel&amp;apos;.
It appears you did not register parameter type. The details are in the stacktrace below.
You can find the documentation here: https://docs.cucumber.io/cucumber/cucumber-expressions/">
      <![CDATA[cucumber.runtime.CucumberException: Could not create a cucumber expression for 'user creats playbook {*.*} for shadow access from excel'.
It appears you did not register parameter type. The details are in the stacktrace below.
You can find the documentation here: https://docs.cucumber.io/cucumber/cucumber-expressions/
at io.cucumber.stepexpression.StepExpressionFactory.registerTypeInConfiguration(StepExpressionFactory.java:93)
at io.cucumber.stepexpression.StepExpressionFactory.createExpression(StepExpressionFactory.java:65)
at io.cucumber.stepexpression.StepExpressionFactory.createExpression(StepExpressionFactory.java:54)
at cucumber.runtime.java.JavaStepDefinition.createExpression(JavaStepDefinition.java:44)
at cucumber.runtime.java.JavaStepDefinition.<init>(JavaStepDefinition.java:36)
at cucumber.runtime.java.JavaBackend.addStepDefinition(JavaBackend.java:146)
at cucumber.runtime.java.MethodScanner.scan(MethodScanner.java:65)
at cucumber.runtime.java.MethodScanner.scan(MethodScanner.java:42)
at cucumber.runtime.java.JavaBackend.loadGlue(JavaBackend.java:82)
at cucumber.runner.Runner.<init>(Runner.java:28)
at cucumber.runner.ThreadLocalRunnerSupplier.createRunner(ThreadLocalRunnerSupplier.java:44)
at cucumber.runner.ThreadLocalRunnerSupplier.access$000(ThreadLocalRunnerSupplier.java:15)
at cucumber.runner.ThreadLocalRunnerSupplier$1.initialValue(ThreadLocalRunnerSupplier.java:24)
at cucumber.runner.ThreadLocalRunnerSupplier$1.initialValue(ThreadLocalRunnerSupplier.java:21)
at java.base/java.lang.ThreadLocal.setInitialValue(ThreadLocal.java:195)
at java.base/java.lang.ThreadLocal.get(ThreadLocal.java:172)
at cucumber.runner.ThreadLocalRunnerSupplier.get(ThreadLocalRunnerSupplier.java:40)
at cucumber.api.testng.TestNGCucumberRunner.runScenario(TestNGCucumberRunner.java:66)
at com.authmind.cucumber.AbtractTestNGCucumberTest.runScenario(AbtractTestNGCucumberTest.java:33)
Caused by: io.cucumber.cucumberexpressions.UndefinedParameterTypeException: This Cucumber Expression has a problem at column 22:

user creats playbook {*.*} for shadow access from excel
                     ^---^
Undefined parameter type '*.*'.
Please register a ParameterType for '*.*'
at io.cucumber.cucumberexpressions.UndefinedParameterTypeException.createUndefinedParameterType(UndefinedParameterTypeException.java:20)
at io.cucumber.cucumberexpressions.CucumberExpression.rewriteParameter(CucumberExpression.java:101)
at io.cucumber.cucumberexpressions.CucumberExpression.rewriteToRegex(CucumberExpression.java:55)
at java.base/java.util.stream.ReferencePipeline$3$1.accept(ReferencePipeline.java:197)
at java.base/java.util.ArrayList$ArrayListSpliterator.forEachRemaining(ArrayList.java:1625)
at java.base/java.util.stream.AbstractPipeline.copyInto(AbstractPipeline.java:509)
at java.base/java.util.stream.AbstractPipeline.wrapAndCopyInto(AbstractPipeline.java:499)
at java.base/java.util.stream.ReduceOps$ReduceOp.evaluateSequential(ReduceOps.java:921)
at java.base/java.util.stream.AbstractPipeline.evaluate(AbstractPipeline.java:234)
at java.base/java.util.stream.ReferencePipeline.collect(ReferencePipeline.java:682)
at io.cucumber.cucumberexpressions.CucumberExpression.rewriteExpression(CucumberExpression.java:116)
at io.cucumber.cucumberexpressions.CucumberExpression.rewriteToRegex(CucumberExpression.java:57)
at io.cucumber.cucumberexpressions.CucumberExpression.<init>(CucumberExpression.java:40)
at io.cucumber.cucumberexpressions.ExpressionFactory.createExpression(ExpressionFactory.java:39)
at io.cucumber.stepexpression.StepExpressionFactory.createExpression(StepExpressionFactory.java:63)
... 46 more
... Removed 29 stack frames]]>
    </failure>
  </testcase> <!-- runScenario -->
</testsuite> <!-- Test -->
