<?xml version="1.0" encoding="UTF-8"?>
<!-- Generated by org.testng.reporters.JUnitReportReporter -->
<testsuite hostname="LAPTOP-UF2EPND0" failures="0" tests="2" name="com.authmind.cucumber.testrunners.TestRunner_UI" time="0.183" errors="2" timestamp="05 Mar 2022 04:53:46 GMT" skipped="0">
  <testcase classname="com.authmind.cucumber.testrunners.TestRunner_UI" name="runScenario" time="0.177">
    <error message="Could not create a cucumber expression for &#039;user creats playbook {*.*} for shadow access from excel&#039;.
It appears you did not register parameter type. The details are in the stacktrace below.
You can find the documentation here: https://docs.cucumber.io/cucumber/cucumber-expressions/" type="cucumber.runtime.CucumberException">
      <![CDATA[cucumber.runtime.CucumberException: Could not create a cucumber expression for 'user creats playbook {*.*} for shadow access from excel'.
It appears you did not register parameter type. The details are in the stacktrace below.
You can find the documentation here: https://docs.cucumber.io/cucumber/cucumber-expressions/
at io.cucumber.stepexpression.StepExpressionFactory.registerTypeInConfiguration(StepExpressionFactory.java:93)
at io.cucumber.stepexpression.StepExpressionFactory.createExpression(StepExpressionFactory.java:65)
at io.cucumber.stepexpression.StepExpressionFactory.createExpression(StepExpressionFactory.java:54)
at cucumber.runtime.java.JavaStepDefinition.createExpression(JavaStepDefinition.java:44)
at cucumber.runtime.java.JavaStepDefinition.<init>(JavaStepDefinition.java:36)
at cucumber.runtime.java.JavaBackend.addStepDefinition(JavaBackend.java:146)
at cucumber.runtime.java.MethodScanner.scan(MethodScanner.java:65)
at cucumber.runtime.java.MethodScanner.scan(MethodScanner.java:42)
at cucumber.runtime.java.JavaBackend.loadGlue(JavaBackend.java:82)
at cucumber.runner.Runner.<init>(Runner.java:28)
at cucumber.runner.ThreadLocalRunnerSupplier.createRunner(ThreadLocalRunnerSupplier.java:44)
at cucumber.runner.ThreadLocalRunnerSupplier.access$000(ThreadLocalRunnerSupplier.java:15)
at cucumber.runner.ThreadLocalRunnerSupplier$1.initialValue(ThreadLocalRunnerSupplier.java:24)
at cucumber.runner.ThreadLocalRunnerSupplier$1.initialValue(ThreadLocalRunnerSupplier.java:21)
at java.base/java.lang.ThreadLocal.setInitialValue(ThreadLocal.java:195)
at java.base/java.lang.ThreadLocal.get(ThreadLocal.java:172)
at cucumber.runner.ThreadLocalRunnerSupplier.get(ThreadLocalRunnerSupplier.java:40)
at cucumber.api.testng.TestNGCucumberRunner.runScenario(TestNGCucumberRunner.java:66)
at com.authmind.cucumber.AbtractTestNGCucumberTest.runScenario(AbtractTestNGCucumberTest.java:33)
at java.base/jdk.internal.reflect.NativeMethodAccessorImpl.invoke0(Native Method)
at java.base/jdk.internal.reflect.NativeMethodAccessorImpl.invoke(NativeMethodAccessorImpl.java:77)
at java.base/jdk.internal.reflect.DelegatingMethodAccessorImpl.invoke(DelegatingMethodAccessorImpl.java:43)
at java.base/java.lang.reflect.Method.invoke(Method.java:568)
at org.testng.internal.MethodInvocationHelper.invokeMethod(MethodInvocationHelper.java:124)
at org.testng.internal.Invoker.invokeMethod(Invoker.java:583)
at org.testng.internal.Invoker.invokeTestMethod(Invoker.java:719)
at org.testng.internal.Invoker.invokeTestMethods(Invoker.java:989)
at org.testng.internal.TestMethodWorker.invokeTestMethods(TestMethodWorker.java:125)
at org.testng.internal.TestMethodWorker.run(TestMethodWorker.java:109)
at org.testng.TestRunner.privateRun(TestRunner.java:648)
at org.testng.TestRunner.run(TestRunner.java:505)
at org.testng.SuiteRunner.runTest(SuiteRunner.java:455)
at org.testng.SuiteRunner.runSequentially(SuiteRunner.java:450)
at org.testng.SuiteRunner.privateRun(SuiteRunner.java:415)
at org.testng.SuiteRunner.run(SuiteRunner.java:364)
at org.testng.SuiteRunnerWorker.runSuite(SuiteRunnerWorker.java:52)
at org.testng.SuiteRunnerWorker.run(SuiteRunnerWorker.java:84)
at org.testng.TestNG.runSuitesSequentially(TestNG.java:1208)
at org.testng.TestNG.runSuitesLocally(TestNG.java:1137)
at org.testng.TestNG.runSuites(TestNG.java:1049)
at org.testng.TestNG.run(TestNG.java:1017)
at org.apache.maven.surefire.testng.TestNGExecutor.run(TestNGExecutor.java:283)
at org.apache.maven.surefire.testng.TestNGXmlTestSuite.execute(TestNGXmlTestSuite.java:75)
at org.apache.maven.surefire.testng.TestNGProvider.invoke(TestNGProvider.java:120)
at org.apache.maven.surefire.booter.ForkedBooter.invokeProviderInSameClassLoader(ForkedBooter.java:383)
at org.apache.maven.surefire.booter.ForkedBooter.runSuitesInProcess(ForkedBooter.java:344)
at org.apache.maven.surefire.booter.ForkedBooter.execute(ForkedBooter.java:125)
at org.apache.maven.surefire.booter.ForkedBooter.main(ForkedBooter.java:417)
Caused by: io.cucumber.cucumberexpressions.UndefinedParameterTypeException: This Cucumber Expression has a problem at column 22:

user creats playbook {*.*} for shadow access from excel
                     ^---^
Undefined parameter type '*.*'.
Please register a ParameterType for '*.*'
at io.cucumber.cucumberexpressions.UndefinedParameterTypeException.createUndefinedParameterType(UndefinedParameterTypeException.java:20)
at io.cucumber.cucumberexpressions.CucumberExpression.rewriteParameter(CucumberExpression.java:101)
at io.cucumber.cucumberexpressions.CucumberExpression.rewriteToRegex(CucumberExpression.java:55)
at java.base/java.util.stream.ReferencePipeline$3$1.accept(ReferencePipeline.java:197)
at java.base/java.util.ArrayList$ArrayListSpliterator.forEachRemaining(ArrayList.java:1625)
at java.base/java.util.stream.AbstractPipeline.copyInto(AbstractPipeline.java:509)
at java.base/java.util.stream.AbstractPipeline.wrapAndCopyInto(AbstractPipeline.java:499)
at java.base/java.util.stream.ReduceOps$ReduceOp.evaluateSequential(ReduceOps.java:921)
at java.base/java.util.stream.AbstractPipeline.evaluate(AbstractPipeline.java:234)
at java.base/java.util.stream.ReferencePipeline.collect(ReferencePipeline.java:682)
at io.cucumber.cucumberexpressions.CucumberExpression.rewriteExpression(CucumberExpression.java:116)
at io.cucumber.cucumberexpressions.CucumberExpression.rewriteToRegex(CucumberExpression.java:57)
at io.cucumber.cucumberexpressions.CucumberExpression.<init>(CucumberExpression.java:40)
at io.cucumber.cucumberexpressions.ExpressionFactory.createExpression(ExpressionFactory.java:39)
at io.cucumber.stepexpression.StepExpressionFactory.createExpression(StepExpressionFactory.java:63)
... 46 more
]]>
    </error>
  </testcase> <!-- runScenario -->
  <testcase classname="com.authmind.cucumber.testrunners.TestRunner_UI" name="runScenario" time="0.006">
    <error message="Could not create a cucumber expression for &#039;user creats playbook {*.*} for shadow access from excel&#039;.
It appears you did not register parameter type. The details are in the stacktrace below.
You can find the documentation here: https://docs.cucumber.io/cucumber/cucumber-expressions/" type="cucumber.runtime.CucumberException">
      <![CDATA[cucumber.runtime.CucumberException: Could not create a cucumber expression for 'user creats playbook {*.*} for shadow access from excel'.
It appears you did not register parameter type. The details are in the stacktrace below.
You can find the documentation here: https://docs.cucumber.io/cucumber/cucumber-expressions/
at io.cucumber.stepexpression.StepExpressionFactory.registerTypeInConfiguration(StepExpressionFactory.java:93)
at io.cucumber.stepexpression.StepExpressionFactory.createExpression(StepExpressionFactory.java:65)
at io.cucumber.stepexpression.StepExpressionFactory.createExpression(StepExpressionFactory.java:54)
at cucumber.runtime.java.JavaStepDefinition.createExpression(JavaStepDefinition.java:44)
at cucumber.runtime.java.JavaStepDefinition.<init>(JavaStepDefinition.java:36)
at cucumber.runtime.java.JavaBackend.addStepDefinition(JavaBackend.java:146)
at cucumber.runtime.java.MethodScanner.scan(MethodScanner.java:65)
at cucumber.runtime.java.MethodScanner.scan(MethodScanner.java:42)
at cucumber.runtime.java.JavaBackend.loadGlue(JavaBackend.java:82)
at cucumber.runner.Runner.<init>(Runner.java:28)
at cucumber.runner.ThreadLocalRunnerSupplier.createRunner(ThreadLocalRunnerSupplier.java:44)
at cucumber.runner.ThreadLocalRunnerSupplier.access$000(ThreadLocalRunnerSupplier.java:15)
at cucumber.runner.ThreadLocalRunnerSupplier$1.initialValue(ThreadLocalRunnerSupplier.java:24)
at cucumber.runner.ThreadLocalRunnerSupplier$1.initialValue(ThreadLocalRunnerSupplier.java:21)
at java.base/java.lang.ThreadLocal.setInitialValue(ThreadLocal.java:195)
at java.base/java.lang.ThreadLocal.get(ThreadLocal.java:172)
at cucumber.runner.ThreadLocalRunnerSupplier.get(ThreadLocalRunnerSupplier.java:40)
at cucumber.api.testng.TestNGCucumberRunner.runScenario(TestNGCucumberRunner.java:66)
at com.authmind.cucumber.AbtractTestNGCucumberTest.runScenario(AbtractTestNGCucumberTest.java:33)
at java.base/jdk.internal.reflect.NativeMethodAccessorImpl.invoke0(Native Method)
at java.base/jdk.internal.reflect.NativeMethodAccessorImpl.invoke(NativeMethodAccessorImpl.java:77)
at java.base/jdk.internal.reflect.DelegatingMethodAccessorImpl.invoke(DelegatingMethodAccessorImpl.java:43)
at java.base/java.lang.reflect.Method.invoke(Method.java:568)
at org.testng.internal.MethodInvocationHelper.invokeMethod(MethodInvocationHelper.java:124)
at org.testng.internal.Invoker.invokeMethod(Invoker.java:583)
at org.testng.internal.Invoker.invokeTestMethod(Invoker.java:719)
at org.testng.internal.Invoker.invokeTestMethods(Invoker.java:989)
at org.testng.internal.TestMethodWorker.invokeTestMethods(TestMethodWorker.java:125)
at org.testng.internal.TestMethodWorker.run(TestMethodWorker.java:109)
at org.testng.TestRunner.privateRun(TestRunner.java:648)
at org.testng.TestRunner.run(TestRunner.java:505)
at org.testng.SuiteRunner.runTest(SuiteRunner.java:455)
at org.testng.SuiteRunner.runSequentially(SuiteRunner.java:450)
at org.testng.SuiteRunner.privateRun(SuiteRunner.java:415)
at org.testng.SuiteRunner.run(SuiteRunner.java:364)
at org.testng.SuiteRunnerWorker.runSuite(SuiteRunnerWorker.java:52)
at org.testng.SuiteRunnerWorker.run(SuiteRunnerWorker.java:84)
at org.testng.TestNG.runSuitesSequentially(TestNG.java:1208)
at org.testng.TestNG.runSuitesLocally(TestNG.java:1137)
at org.testng.TestNG.runSuites(TestNG.java:1049)
at org.testng.TestNG.run(TestNG.java:1017)
at org.apache.maven.surefire.testng.TestNGExecutor.run(TestNGExecutor.java:283)
at org.apache.maven.surefire.testng.TestNGXmlTestSuite.execute(TestNGXmlTestSuite.java:75)
at org.apache.maven.surefire.testng.TestNGProvider.invoke(TestNGProvider.java:120)
at org.apache.maven.surefire.booter.ForkedBooter.invokeProviderInSameClassLoader(ForkedBooter.java:383)
at org.apache.maven.surefire.booter.ForkedBooter.runSuitesInProcess(ForkedBooter.java:344)
at org.apache.maven.surefire.booter.ForkedBooter.execute(ForkedBooter.java:125)
at org.apache.maven.surefire.booter.ForkedBooter.main(ForkedBooter.java:417)
Caused by: io.cucumber.cucumberexpressions.UndefinedParameterTypeException: This Cucumber Expression has a problem at column 22:

user creats playbook {*.*} for shadow access from excel
                     ^---^
Undefined parameter type '*.*'.
Please register a ParameterType for '*.*'
at io.cucumber.cucumberexpressions.UndefinedParameterTypeException.createUndefinedParameterType(UndefinedParameterTypeException.java:20)
at io.cucumber.cucumberexpressions.CucumberExpression.rewriteParameter(CucumberExpression.java:101)
at io.cucumber.cucumberexpressions.CucumberExpression.rewriteToRegex(CucumberExpression.java:55)
at java.base/java.util.stream.ReferencePipeline$3$1.accept(ReferencePipeline.java:197)
at java.base/java.util.ArrayList$ArrayListSpliterator.forEachRemaining(ArrayList.java:1625)
at java.base/java.util.stream.AbstractPipeline.copyInto(AbstractPipeline.java:509)
at java.base/java.util.stream.AbstractPipeline.wrapAndCopyInto(AbstractPipeline.java:499)
at java.base/java.util.stream.ReduceOps$ReduceOp.evaluateSequential(ReduceOps.java:921)
at java.base/java.util.stream.AbstractPipeline.evaluate(AbstractPipeline.java:234)
at java.base/java.util.stream.ReferencePipeline.collect(ReferencePipeline.java:682)
at io.cucumber.cucumberexpressions.CucumberExpression.rewriteExpression(CucumberExpression.java:116)
at io.cucumber.cucumberexpressions.CucumberExpression.rewriteToRegex(CucumberExpression.java:57)
at io.cucumber.cucumberexpressions.CucumberExpression.<init>(CucumberExpression.java:40)
at io.cucumber.cucumberexpressions.ExpressionFactory.createExpression(ExpressionFactory.java:39)
at io.cucumber.stepexpression.StepExpressionFactory.createExpression(StepExpressionFactory.java:63)
... 46 more
]]>
    </error>
  </testcase> <!-- runScenario -->
</testsuite> <!-- com.authmind.cucumber.testrunners.TestRunner_UI -->
